<?xml version="1.0" encoding="UTF-8"?>
<!-- Generated by org.testng.reporters.JUnitReportReporter -->
<testsuite hostname="Sachin" failures="0" tests="3" name="Test.ZerodhPinPageTest$LoginPageTest" time="132.724" errors="0" timestamp="2022-06-19T16:20:47 IST" skipped="0">
  <testcase classname="Test.ZerodhPinPageTest$LoginPageTest" name="loginWithValidCredantial" time="81.379"/>
  <system-out/>
  <testcase classname="Test.ZerodhPinPageTest$LoginPageTest" name="ByeShareAndSell" time="18.168"/>
  <system-out/>
  <testcase classname="Test.ZerodhPinPageTest$LoginPageTest" name="GraphView" time="33.177"/>
  <system-out/>
</testsuite> <!-- Test.ZerodhPinPageTest$LoginPageTest -->
