<?xml version="1.0" encoding="UTF-8"?>
<!-- Generated by org.testng.reporters.JUnitReportReporter -->
<testsuite hostname="Sachin" failures="0" tests="1" name="Test.ZerodhaShareByeAndSellTest" time="22.466" errors="0" timestamp="2022-06-19T16:20:47 IST" skipped="0">
  <testcase classname="Test.ZerodhaShareByeAndSellTest" name="LogIn" time="22.466"/>
  <system-out/>
</testsuite> <!-- Test.ZerodhaShareByeAndSellTest -->
