<?xml version="1.0" encoding="UTF-8"?>
<!-- Generated by org.testng.reporters.JUnitReportReporter -->
<testsuite hostname="Sachin" failures="0" tests="3" name="Test.LoginPageTest" time="58.303" errors="0" timestamp="2022-06-19T16:20:46 IST" skipped="0">
  <testcase classname="Test.LoginPageTest" name="ClickOnSignUpLink" time="14.749"/>
  <system-out/>
  <testcase classname="Test.LoginPageTest" name="ClickOnForgotlink" time="26.875"/>
  <system-out/>
  <testcase classname="Test.LoginPageTest" name="loginWithValidCredantial" time="16.679"/>
  <system-out/>
</testsuite> <!-- Test.LoginPageTest -->
