<?xml version="1.0" encoding="UTF-8"?>
<!-- Generated by org.testng.reporters.JUnitReportReporter -->
<testsuite hostname="Sachin" failures="0" tests="1" name="Test.ZerodhaSignUpPageTest" time="47.239" errors="0" timestamp="2022-06-19T16:20:47 IST" skipped="0">
  <testcase classname="Test.ZerodhaSignUpPageTest" name="ClickOnSignUpandFocusSignUp" time="47.239"/>
  <system-out/>
</testsuite> <!-- Test.ZerodhaSignUpPageTest -->
