<?xml version="1.0" encoding="UTF-8"?>
<!-- Generated by org.testng.reporters.JUnitReportReporter -->
<testsuite hostname="Sachin" failures="0" tests="1" name="Test.ZerodhaShareByeAndSellTest$ZerodhaSignUpPageTest" time="18.521" errors="0" timestamp="2022-06-09T17:11:52 IST" skipped="0">
  <testcase classname="Test.ZerodhaShareByeAndSellTest$ZerodhaSignUpPageTest" name="LogIn" time="18.521"/>
  <system-out/>
</testsuite> <!-- Test.ZerodhaShareByeAndSellTest$ZerodhaSignUpPageTest -->
