<?xml version="1.0" encoding="UTF-8"?>
<!-- Generated by org.testng.reporters.JUnitReportReporter -->
<testsuite hostname="Sachin" failures="0" tests="1" name="Test.ZerodhForgotPasswordTest" time="26.970" errors="0" timestamp="2022-06-19T16:20:47 IST" skipped="0">
  <testcase classname="Test.ZerodhForgotPasswordTest" name="ClikOnForgot" time="26.970"/>
  <system-out/>
</testsuite> <!-- Test.ZerodhForgotPasswordTest -->
